mode: set
github.com/cs161-staff/project2-starter-code/client/client.go:32.25,44.16 5 0
github.com/cs161-staff/project2-starter-code/client/client.go:51.2,61.16 5 0
github.com/cs161-staff/project2-starter-code/client/client.go:65.2,81.16 9 0
github.com/cs161-staff/project2-starter-code/client/client.go:84.2,96.37 3 0
github.com/cs161-staff/project2-starter-code/client/client.go:44.16,49.81 1 0
github.com/cs161-staff/project2-starter-code/client/client.go:61.16,62.13 1 0
github.com/cs161-staff/project2-starter-code/client/client.go:81.16,82.13 1 0
github.com/cs161-staff/project2-starter-code/client/client.go:176.80,183.16 7 1
github.com/cs161-staff/project2-starter-code/client/client.go:186.2,187.12 2 1
github.com/cs161-staff/project2-starter-code/client/client.go:183.16,185.3 1 0
github.com/cs161-staff/project2-starter-code/client/client.go:193.80,196.9 3 1
github.com/cs161-staff/project2-starter-code/client/client.go:199.2,203.12 5 1
github.com/cs161-staff/project2-starter-code/client/client.go:206.2,207.23 2 1
github.com/cs161-staff/project2-starter-code/client/client.go:196.9,198.3 1 1
github.com/cs161-staff/project2-starter-code/client/client.go:203.12,205.3 1 1
github.com/cs161-staff/project2-starter-code/client/client.go:211.54,219.2 7 1
github.com/cs161-staff/project2-starter-code/client/client.go:223.80,224.24 1 1
github.com/cs161-staff/project2-starter-code/client/client.go:227.2,228.12 2 1
github.com/cs161-staff/project2-starter-code/client/client.go:231.2,252.16 21 1
github.com/cs161-staff/project2-starter-code/client/client.go:255.2,257.18 2 1
github.com/cs161-staff/project2-starter-code/client/client.go:224.24,226.3 1 1
github.com/cs161-staff/project2-starter-code/client/client.go:228.12,230.3 1 1
github.com/cs161-staff/project2-starter-code/client/client.go:252.16,254.3 1 0
github.com/cs161-staff/project2-starter-code/client/client.go:260.79,268.33 8 1
github.com/cs161-staff/project2-starter-code/client/client.go:271.2,273.16 3 1
github.com/cs161-staff/project2-starter-code/client/client.go:277.2,277.23 1 1
github.com/cs161-staff/project2-starter-code/client/client.go:268.33,270.3 1 1
github.com/cs161-staff/project2-starter-code/client/client.go:273.16,275.3 1 0
github.com/cs161-staff/project2-starter-code/client/client.go:281.74,324.2 32 1
github.com/cs161-staff/project2-starter-code/client/client.go:327.56,329.16 2 1
github.com/cs161-staff/project2-starter-code/client/client.go:332.2,334.16 3 1
github.com/cs161-staff/project2-starter-code/client/client.go:337.2,346.12 7 1
github.com/cs161-staff/project2-starter-code/client/client.go:329.16,331.3 1 0
github.com/cs161-staff/project2-starter-code/client/client.go:334.16,336.3 1 0
github.com/cs161-staff/project2-starter-code/client/client.go:349.95,351.12 2 1
github.com/cs161-staff/project2-starter-code/client/client.go:355.2,356.12 2 1
github.com/cs161-staff/project2-starter-code/client/client.go:372.2,372.30 1 1
github.com/cs161-staff/project2-starter-code/client/client.go:351.12,353.3 1 1
github.com/cs161-staff/project2-starter-code/client/client.go:356.12,358.17 2 1
github.com/cs161-staff/project2-starter-code/client/client.go:361.3,363.17 3 1
github.com/cs161-staff/project2-starter-code/client/client.go:366.3,370.24 5 1
github.com/cs161-staff/project2-starter-code/client/client.go:358.17,360.4 1 0
github.com/cs161-staff/project2-starter-code/client/client.go:363.17,365.4 1 0
github.com/cs161-staff/project2-starter-code/client/client.go:375.78,377.16 2 1
github.com/cs161-staff/project2-starter-code/client/client.go:382.2,383.16 2 1
github.com/cs161-staff/project2-starter-code/client/client.go:387.2,387.13 1 1
github.com/cs161-staff/project2-starter-code/client/client.go:412.2,414.12 3 1
github.com/cs161-staff/project2-starter-code/client/client.go:377.16,379.3 1 0
github.com/cs161-staff/project2-starter-code/client/client.go:383.16,385.3 1 0
github.com/cs161-staff/project2-starter-code/client/client.go:387.13,397.3 7 1
github.com/cs161-staff/project2-starter-code/client/client.go:397.8,400.17 3 1
github.com/cs161-staff/project2-starter-code/client/client.go:403.3,404.17 2 1
github.com/cs161-staff/project2-starter-code/client/client.go:407.3,408.19 2 1
github.com/cs161-staff/project2-starter-code/client/client.go:400.17,402.4 1 0
github.com/cs161-staff/project2-starter-code/client/client.go:404.17,406.4 1 0
github.com/cs161-staff/project2-starter-code/client/client.go:408.19,410.4 1 0
github.com/cs161-staff/project2-starter-code/client/client.go:417.59,423.16 5 1
github.com/cs161-staff/project2-starter-code/client/client.go:427.2,449.12 17 1
github.com/cs161-staff/project2-starter-code/client/client.go:423.16,425.3 1 0
github.com/cs161-staff/project2-starter-code/client/client.go:452.81,454.16 2 1
github.com/cs161-staff/project2-starter-code/client/client.go:459.2,460.16 2 1
github.com/cs161-staff/project2-starter-code/client/client.go:463.2,463.13 1 1
github.com/cs161-staff/project2-starter-code/client/client.go:466.2,467.16 2 1
github.com/cs161-staff/project2-starter-code/client/client.go:470.2,472.16 3 1
github.com/cs161-staff/project2-starter-code/client/client.go:478.2,479.16 2 1
github.com/cs161-staff/project2-starter-code/client/client.go:483.2,483.12 1 1
github.com/cs161-staff/project2-starter-code/client/client.go:454.16,456.3 1 1
github.com/cs161-staff/project2-starter-code/client/client.go:460.16,462.3 1 0
github.com/cs161-staff/project2-starter-code/client/client.go:463.13,465.3 1 0
github.com/cs161-staff/project2-starter-code/client/client.go:467.16,469.3 1 1
github.com/cs161-staff/project2-starter-code/client/client.go:472.16,474.3 1 0
github.com/cs161-staff/project2-starter-code/client/client.go:479.16,481.3 1 0
github.com/cs161-staff/project2-starter-code/client/client.go:486.72,489.26 3 1
github.com/cs161-staff/project2-starter-code/client/client.go:503.2,503.26 1 1
github.com/cs161-staff/project2-starter-code/client/client.go:489.26,490.18 1 1
github.com/cs161-staff/project2-starter-code/client/client.go:493.3,495.17 3 1
github.com/cs161-staff/project2-starter-code/client/client.go:498.3,499.17 2 1
github.com/cs161-staff/project2-starter-code/client/client.go:490.18,491.9 1 1
github.com/cs161-staff/project2-starter-code/client/client.go:495.17,497.4 1 0
github.com/cs161-staff/project2-starter-code/client/client.go:499.17,501.4 1 0
github.com/cs161-staff/project2-starter-code/client/client.go:506.77,508.16 2 1
github.com/cs161-staff/project2-starter-code/client/client.go:513.2,514.16 2 1
github.com/cs161-staff/project2-starter-code/client/client.go:518.2,518.13 1 1
github.com/cs161-staff/project2-starter-code/client/client.go:522.2,524.16 2 1
github.com/cs161-staff/project2-starter-code/client/client.go:527.2,529.16 3 1
github.com/cs161-staff/project2-starter-code/client/client.go:533.2,534.16 2 1
github.com/cs161-staff/project2-starter-code/client/client.go:537.2,539.16 3 1
github.com/cs161-staff/project2-starter-code/client/client.go:544.2,546.16 2 1
github.com/cs161-staff/project2-starter-code/client/client.go:549.2,549.26 1 1
github.com/cs161-staff/project2-starter-code/client/client.go:508.16,510.3 1 0
github.com/cs161-staff/project2-starter-code/client/client.go:514.16,516.3 1 0
github.com/cs161-staff/project2-starter-code/client/client.go:518.13,520.3 1 1
github.com/cs161-staff/project2-starter-code/client/client.go:524.16,526.3 1 1
github.com/cs161-staff/project2-starter-code/client/client.go:529.16,531.3 1 0
github.com/cs161-staff/project2-starter-code/client/client.go:534.16,536.3 1 0
github.com/cs161-staff/project2-starter-code/client/client.go:539.16,541.3 1 0
github.com/cs161-staff/project2-starter-code/client/client.go:546.16,548.3 1 0
github.com/cs161-staff/project2-starter-code/client/client.go:558.38,561.16 2 1
github.com/cs161-staff/project2-starter-code/client/client.go:566.2,567.16 2 1
github.com/cs161-staff/project2-starter-code/client/client.go:571.2,571.13 1 1
github.com/cs161-staff/project2-starter-code/client/client.go:575.2,576.9 2 1
github.com/cs161-staff/project2-starter-code/client/client.go:581.2,582.16 2 1
github.com/cs161-staff/project2-starter-code/client/client.go:585.2,587.16 3 1
github.com/cs161-staff/project2-starter-code/client/client.go:594.2,596.14 3 1
github.com/cs161-staff/project2-starter-code/client/client.go:624.2,636.14 8 1
github.com/cs161-staff/project2-starter-code/client/client.go:659.2,667.16 7 1
github.com/cs161-staff/project2-starter-code/client/client.go:674.2,676.16 3 1
github.com/cs161-staff/project2-starter-code/client/client.go:680.2,688.19 8 1
github.com/cs161-staff/project2-starter-code/client/client.go:561.16,563.3 1 0
github.com/cs161-staff/project2-starter-code/client/client.go:567.16,569.3 1 0
github.com/cs161-staff/project2-starter-code/client/client.go:571.13,573.3 1 0
github.com/cs161-staff/project2-starter-code/client/client.go:576.9,578.3 1 0
github.com/cs161-staff/project2-starter-code/client/client.go:582.16,584.3 1 0
github.com/cs161-staff/project2-starter-code/client/client.go:587.16,589.3 1 0
github.com/cs161-staff/project2-starter-code/client/client.go:596.14,606.3 8 1
github.com/cs161-staff/project2-starter-code/client/client.go:606.8,616.3 8 1
github.com/cs161-staff/project2-starter-code/client/client.go:636.14,645.14 8 1
github.com/cs161-staff/project2-starter-code/client/client.go:653.3,654.72 2 1
github.com/cs161-staff/project2-starter-code/client/client.go:645.14,648.4 2 1
github.com/cs161-staff/project2-starter-code/client/client.go:648.9,650.4 1 1
github.com/cs161-staff/project2-starter-code/client/client.go:667.16,669.3 1 0
github.com/cs161-staff/project2-starter-code/client/client.go:676.16,678.3 1 0
github.com/cs161-staff/project2-starter-code/client/client.go:691.117,694.16 2 1
github.com/cs161-staff/project2-starter-code/client/client.go:699.2,700.16 2 1
github.com/cs161-staff/project2-starter-code/client/client.go:703.2,703.12 1 1
github.com/cs161-staff/project2-starter-code/client/client.go:707.2,708.9 2 1
github.com/cs161-staff/project2-starter-code/client/client.go:712.2,715.9 3 1
github.com/cs161-staff/project2-starter-code/client/client.go:719.2,721.16 3 1
github.com/cs161-staff/project2-starter-code/client/client.go:725.2,726.16 2 1
github.com/cs161-staff/project2-starter-code/client/client.go:730.2,731.16 2 1
github.com/cs161-staff/project2-starter-code/client/client.go:734.2,736.16 3 1
github.com/cs161-staff/project2-starter-code/client/client.go:740.2,741.16 2 1
github.com/cs161-staff/project2-starter-code/client/client.go:748.2,750.16 3 1
github.com/cs161-staff/project2-starter-code/client/client.go:754.2,755.16 2 1
github.com/cs161-staff/project2-starter-code/client/client.go:758.2,760.16 3 1
github.com/cs161-staff/project2-starter-code/client/client.go:763.2,763.16 1 1
github.com/cs161-staff/project2-starter-code/client/client.go:768.2,782.12 7 1
github.com/cs161-staff/project2-starter-code/client/client.go:694.16,696.3 1 1
github.com/cs161-staff/project2-starter-code/client/client.go:700.16,702.3 1 0
github.com/cs161-staff/project2-starter-code/client/client.go:703.12,705.3 1 1
github.com/cs161-staff/project2-starter-code/client/client.go:708.9,710.3 1 0
github.com/cs161-staff/project2-starter-code/client/client.go:715.9,717.3 1 0
github.com/cs161-staff/project2-starter-code/client/client.go:721.16,723.3 1 0
github.com/cs161-staff/project2-starter-code/client/client.go:726.16,728.3 1 0
github.com/cs161-staff/project2-starter-code/client/client.go:731.16,733.3 1 1
github.com/cs161-staff/project2-starter-code/client/client.go:736.16,738.3 1 0
github.com/cs161-staff/project2-starter-code/client/client.go:741.16,747.3 4 0
github.com/cs161-staff/project2-starter-code/client/client.go:750.16,752.3 1 0
github.com/cs161-staff/project2-starter-code/client/client.go:755.16,757.3 1 0
github.com/cs161-staff/project2-starter-code/client/client.go:760.16,762.3 1 0
github.com/cs161-staff/project2-starter-code/client/client.go:763.16,765.3 1 1
github.com/cs161-staff/project2-starter-code/client/client.go:790.91,792.16 2 1
github.com/cs161-staff/project2-starter-code/client/client.go:796.2,797.16 2 1
github.com/cs161-staff/project2-starter-code/client/client.go:800.2,800.13 1 1
github.com/cs161-staff/project2-starter-code/client/client.go:803.2,804.16 2 1
github.com/cs161-staff/project2-starter-code/client/client.go:808.2,810.16 3 1
github.com/cs161-staff/project2-starter-code/client/client.go:813.2,813.37 1 1
github.com/cs161-staff/project2-starter-code/client/client.go:818.2,819.13 2 1
github.com/cs161-staff/project2-starter-code/client/client.go:822.2,823.13 2 1
github.com/cs161-staff/project2-starter-code/client/client.go:826.2,827.16 2 1
github.com/cs161-staff/project2-starter-code/client/client.go:831.2,833.16 3 1
github.com/cs161-staff/project2-starter-code/client/client.go:836.2,846.16 6 1
github.com/cs161-staff/project2-starter-code/client/client.go:849.2,850.16 2 1
github.com/cs161-staff/project2-starter-code/client/client.go:854.2,864.16 9 1
github.com/cs161-staff/project2-starter-code/client/client.go:867.2,868.16 2 1
github.com/cs161-staff/project2-starter-code/client/client.go:871.2,879.25 6 1
github.com/cs161-staff/project2-starter-code/client/client.go:902.2,905.12 3 1
github.com/cs161-staff/project2-starter-code/client/client.go:792.16,794.3 1 0
github.com/cs161-staff/project2-starter-code/client/client.go:797.16,799.3 1 0
github.com/cs161-staff/project2-starter-code/client/client.go:800.13,802.3 1 0
github.com/cs161-staff/project2-starter-code/client/client.go:804.16,807.3 1 0
github.com/cs161-staff/project2-starter-code/client/client.go:810.16,812.3 1 0
github.com/cs161-staff/project2-starter-code/client/client.go:813.37,815.3 1 0
github.com/cs161-staff/project2-starter-code/client/client.go:819.13,821.3 1 0
github.com/cs161-staff/project2-starter-code/client/client.go:823.13,825.3 1 0
github.com/cs161-staff/project2-starter-code/client/client.go:827.16,830.3 1 0
github.com/cs161-staff/project2-starter-code/client/client.go:833.16,835.3 1 0
github.com/cs161-staff/project2-starter-code/client/client.go:846.16,848.3 1 0
github.com/cs161-staff/project2-starter-code/client/client.go:850.16,852.3 1 0
github.com/cs161-staff/project2-starter-code/client/client.go:864.16,866.3 1 0
github.com/cs161-staff/project2-starter-code/client/client.go:868.16,870.3 1 0
github.com/cs161-staff/project2-starter-code/client/client.go:879.25,881.17 2 1
github.com/cs161-staff/project2-starter-code/client/client.go:885.3,886.17 2 1
github.com/cs161-staff/project2-starter-code/client/client.go:889.3,893.17 5 1
github.com/cs161-staff/project2-starter-code/client/client.go:896.3,897.17 2 1
github.com/cs161-staff/project2-starter-code/client/client.go:881.17,884.4 1 0
github.com/cs161-staff/project2-starter-code/client/client.go:886.17,888.4 1 0
github.com/cs161-staff/project2-starter-code/client/client.go:893.17,895.4 1 0
github.com/cs161-staff/project2-starter-code/client/client.go:897.17,899.4 1 0
